[debug] [2023-09-28T02:21:30.292Z] ----------------------------------------------------------------------
[debug] [2023-09-28T02:21:30.294Z] Command:       C:\Program Files\nodejs\node.exe C:\Users\kevin\AppData\Roaming\npm\node_modules\firebase-tools\lib\bin\firebase.js init
[debug] [2023-09-28T02:21:30.294Z] CLI Version:   12.6.1
[debug] [2023-09-28T02:21:30.294Z] Platform:      win32
[debug] [2023-09-28T02:21:30.295Z] Node Version:  v16.16.0
[debug] [2023-09-28T02:21:30.301Z] Time:          Wed Sep 27 2023 21:21:30 GMT-0500 (hora de Ecuador)
[debug] [2023-09-28T02:21:30.301Z] ----------------------------------------------------------------------
[debug] 
[debug] [2023-09-28T02:21:30.306Z] >>> [apiv2][query] GET https://firebase-public.firebaseio.com/cli.json [none]
[debug] [2023-09-28T02:21:30.326Z] > command requires scopes: ["email","openid","https://www.googleapis.com/auth/cloudplatformprojects.readonly","https://www.googleapis.com/auth/firebase","https://www.googleapis.com/auth/cloud-platform"]
[debug] [2023-09-28T02:21:30.326Z] > authorizing via signed-in user (kevinponce2001@gmail.com)
[info] 
     ######## #### ########  ######## ########     ###     ######  ########
     ##        ##  ##     ## ##       ##     ##  ##   ##  ##       ##
     ######    ##  ########  ######   ########  #########  ######  ######
     ##        ##  ##    ##  ##       ##     ## ##     ##       ## ##
     ##       #### ##     ## ######## ########  ##     ##  ######  ########

You're about to initialize a Firebase project in this directory:

  C:\Users\kevin\AndroidStudioProjects\IoT_Hydropad

[debug] [2023-09-28T02:21:30.716Z] <<< [apiv2][status] GET https://firebase-public.firebaseio.com/cli.json 200
[debug] [2023-09-28T02:21:30.717Z] <<< [apiv2][body] GET https://firebase-public.firebaseio.com/cli.json {"cloudBuildErrorAfter":1594252800000,"cloudBuildWarnAfter":1590019200000,"defaultNode10After":1594252800000,"minVersion":"3.0.5","node8DeploysDisabledAfter":1613390400000,"node8RuntimeDisabledAfter":1615809600000,"node8WarnAfter":1600128000000}
